{"C:\\Users\\Saaz\\Desktop\\Dhayan-FYP-main\\frontend\\src\\services\\CrossDeviceSyncService.js": {"path":"C:\\Users\\Saaz\\Desktop\\Dhayan-FYP-main\\frontend\\src\\services\\CrossDeviceSyncService.js","statementMap":{"0":{"start":{"line":14,"column":4},"end":{"line":14,"column":59}},"1":{"start":{"line":15,"column":4},"end":{"line":15,"column":44}},"2":{"start":{"line":16,"column":4},"end":{"line":16,"column":29}},"3":{"start":{"line":17,"column":4},"end":{"line":17,"column":34}},"4":{"start":{"line":18,"column":4},"end":{"line":18,"column":52}},"5":{"start":{"line":19,"column":4},"end":{"line":19,"column":32}},"6":{"start":{"line":20,"column":4},"end":{"line":20,"column":28}},"7":{"start":{"line":23,"column":4},"end":{"line":23,"column":34}},"8":{"start":{"line":26,"column":4},"end":{"line":26,"column":29}},"9":{"start":{"line":34,"column":4},"end":{"line":57,"column":5}},"10":{"start":{"line":35,"column":20},"end":{"line":35,"column":82}},"11":{"start":{"line":36,"column":6},"end":{"line":36,"column":66}},"12":{"start":{"line":38,"column":6},"end":{"line":41,"column":8}},"13":{"start":{"line":39,"column":8},"end":{"line":39,"column":61}},"14":{"start":{"line":40,"column":8},"end":{"line":40,"column":38}},"15":{"start":{"line":43,"column":6},"end":{"line":45,"column":8}},"16":{"start":{"line":44,"column":8},"end":{"line":44,"column":63}},"17":{"start":{"line":47,"column":6},"end":{"line":50,"column":8}},"18":{"start":{"line":48,"column":8},"end":{"line":48,"column":81}},"19":{"start":{"line":49,"column":8},"end":{"line":49,"column":62}},"20":{"start":{"line":49,"column":25},"end":{"line":49,"column":54}},"21":{"start":{"line":52,"column":6},"end":{"line":54,"column":8}},"22":{"start":{"line":53,"column":8},"end":{"line":53,"column":49}},"23":{"start":{"line":56,"column":6},"end":{"line":56,"column":67}},"24":{"start":{"line":65,"column":4},"end":{"line":72,"column":5}},"25":{"start":{"line":66,"column":6},"end":{"line":71,"column":10}},"26":{"start":{"line":80,"column":4},"end":{"line":92,"column":5}},"27":{"start":{"line":82,"column":8},"end":{"line":82,"column":45}},"28":{"start":{"line":83,"column":8},"end":{"line":83,"column":14}},"29":{"start":{"line":85,"column":8},"end":{"line":85,"column":46}},"30":{"start":{"line":86,"column":8},"end":{"line":86,"column":14}},"31":{"start":{"line":88,"column":8},"end":{"line":88,"column":55}},"32":{"start":{"line":89,"column":8},"end":{"line":89,"column":14}},"33":{"start":{"line":91,"column":8},"end":{"line":91,"column":64}},"34":{"start":{"line":101,"column":4},"end":{"line":104,"column":5}},"35":{"start":{"line":102,"column":6},"end":{"line":102,"column":46}},"36":{"start":{"line":103,"column":6},"end":{"line":103,"column":39}},"37":{"start":{"line":106,"column":4},"end":{"line":106,"column":31}},"38":{"start":{"line":107,"column":26},"end":{"line":107,"column":36}},"39":{"start":{"line":109,"column":4},"end":{"line":169,"column":5}},"40":{"start":{"line":110,"column":6},"end":{"line":110,"column":59}},"41":{"start":{"line":112,"column":26},"end":{"line":120,"column":7}},"42":{"start":{"line":123,"column":6},"end":{"line":130,"column":7}},"43":{"start":{"line":124,"column":31},"end":{"line":124,"column":67}},"44":{"start":{"line":125,"column":8},"end":{"line":125,"column":60}},"45":{"start":{"line":126,"column":8},"end":{"line":126,"column":76}},"46":{"start":{"line":127,"column":8},"end":{"line":127,"column":68}},"47":{"start":{"line":129,"column":8},"end":{"line":129,"column":81}},"48":{"start":{"line":133,"column":6},"end":{"line":140,"column":7}},"49":{"start":{"line":134,"column":30},"end":{"line":134,"column":65}},"50":{"start":{"line":135,"column":8},"end":{"line":135,"column":59}},"51":{"start":{"line":136,"column":8},"end":{"line":136,"column":75}},"52":{"start":{"line":137,"column":8},"end":{"line":137,"column":67}},"53":{"start":{"line":139,"column":8},"end":{"line":139,"column":80}},"54":{"start":{"line":143,"column":6},"end":{"line":150,"column":7}},"55":{"start":{"line":144,"column":30},"end":{"line":144,"column":67}},"56":{"start":{"line":145,"column":8},"end":{"line":145,"column":61}},"57":{"start":{"line":146,"column":8},"end":{"line":146,"column":75}},"58":{"start":{"line":147,"column":8},"end":{"line":147,"column":67}},"59":{"start":{"line":149,"column":8},"end":{"line":149,"column":82}},"60":{"start":{"line":152,"column":6},"end":{"line":152,"column":58}},"61":{"start":{"line":153,"column":6},"end":{"line":153,"column":59}},"62":{"start":{"line":154,"column":6},"end":{"line":154,"column":60}},"63":{"start":{"line":156,"column":6},"end":{"line":156,"column":56}},"64":{"start":{"line":159,"column":6},"end":{"line":159,"column":62}},"65":{"start":{"line":161,"column":6},"end":{"line":161,"column":74}},"66":{"start":{"line":163,"column":6},"end":{"line":163,"column":25}},"67":{"start":{"line":165,"column":6},"end":{"line":165,"column":67}},"68":{"start":{"line":166,"column":6},"end":{"line":166,"column":18}},"69":{"start":{"line":168,"column":6},"end":{"line":168,"column":34}},"70":{"start":{"line":177,"column":19},"end":{"line":177,"column":70}},"71":{"start":{"line":180,"column":25},"end":{"line":180,"column":92}},"72":{"start":{"line":182,"column":24},"end":{"line":187,"column":5}},"73":{"start":{"line":189,"column":21},"end":{"line":196,"column":6}},"74":{"start":{"line":198,"column":4},"end":{"line":200,"column":5}},"75":{"start":{"line":199,"column":6},"end":{"line":199,"column":70}},"76":{"start":{"line":202,"column":23},"end":{"line":202,"column":44}},"77":{"start":{"line":205,"column":4},"end":{"line":205,"column":78}},"78":{"start":{"line":207,"column":4},"end":{"line":210,"column":6}},"79":{"start":{"line":218,"column":19},"end":{"line":218,"column":78}},"80":{"start":{"line":221,"column":25},"end":{"line":221,"column":91}},"81":{"start":{"line":223,"column":24},"end":{"line":228,"column":5}},"82":{"start":{"line":230,"column":21},"end":{"line":237,"column":6}},"83":{"start":{"line":239,"column":4},"end":{"line":241,"column":5}},"84":{"start":{"line":240,"column":6},"end":{"line":240,"column":69}},"85":{"start":{"line":243,"column":23},"end":{"line":243,"column":44}},"86":{"start":{"line":246,"column":4},"end":{"line":246,"column":77}},"87":{"start":{"line":248,"column":4},"end":{"line":251,"column":6}},"88":{"start":{"line":259,"column":19},"end":{"line":259,"column":79}},"89":{"start":{"line":262,"column":25},"end":{"line":262,"column":93}},"90":{"start":{"line":264,"column":24},"end":{"line":269,"column":5}},"91":{"start":{"line":271,"column":21},"end":{"line":278,"column":6}},"92":{"start":{"line":280,"column":4},"end":{"line":282,"column":5}},"93":{"start":{"line":281,"column":6},"end":{"line":281,"column":69}},"94":{"start":{"line":284,"column":23},"end":{"line":284,"column":44}},"95":{"start":{"line":287,"column":4},"end":{"line":287,"column":79}},"96":{"start":{"line":289,"column":4},"end":{"line":292,"column":6}},"97":{"start":{"line":302,"column":4},"end":{"line":302,"column":14}},"98":{"start":{"line":310,"column":4},"end":{"line":312,"column":5}},"99":{"start":{"line":311,"column":6},"end":{"line":311,"column":13}},"100":{"start":{"line":314,"column":4},"end":{"line":320,"column":5}},"101":{"start":{"line":315,"column":6},"end":{"line":319,"column":7}},"102":{"start":{"line":316,"column":8},"end":{"line":316,"column":49}},"103":{"start":{"line":318,"column":8},"end":{"line":318,"column":72}},"104":{"start":{"line":328,"column":4},"end":{"line":338,"column":5}},"105":{"start":{"line":331,"column":8},"end":{"line":331,"column":74}},"106":{"start":{"line":332,"column":8},"end":{"line":332,"column":14}},"107":{"start":{"line":335,"column":8},"end":{"line":335,"column":14}},"108":{"start":{"line":337,"column":8},"end":{"line":337,"column":70}},"109":{"start":{"line":346,"column":4},"end":{"line":349,"column":5}},"110":{"start":{"line":348,"column":6},"end":{"line":348,"column":13}},"111":{"start":{"line":351,"column":4},"end":{"line":351,"column":60}},"112":{"start":{"line":353,"column":4},"end":{"line":367,"column":5}},"113":{"start":{"line":354,"column":6},"end":{"line":357,"column":9}},"114":{"start":{"line":360,"column":6},"end":{"line":364,"column":9}},"115":{"start":{"line":366,"column":6},"end":{"line":366,"column":64}},"116":{"start":{"line":375,"column":4},"end":{"line":375,"column":73}},"117":{"start":{"line":378,"column":4},"end":{"line":380,"column":5}},"118":{"start":{"line":379,"column":6},"end":{"line":379,"column":56}},"119":{"start":{"line":379,"column":23},"end":{"line":379,"column":48}},"120":{"start":{"line":388,"column":4},"end":{"line":388,"column":60}},"121":{"start":{"line":391,"column":4},"end":{"line":395,"column":7}},"122":{"start":{"line":403,"column":4},"end":{"line":403,"column":38}},"123":{"start":{"line":411,"column":18},"end":{"line":411,"column":54}},"124":{"start":{"line":412,"column":4},"end":{"line":414,"column":5}},"125":{"start":{"line":413,"column":6},"end":{"line":413,"column":42}},"126":{"start":{"line":422,"column":4},"end":{"line":428,"column":7}},"127":{"start":{"line":423,"column":6},"end":{"line":427,"column":7}},"128":{"start":{"line":424,"column":8},"end":{"line":424,"column":34}},"129":{"start":{"line":426,"column":8},"end":{"line":426,"column":53}},"130":{"start":{"line":437,"column":4},"end":{"line":443,"column":22}},"131":{"start":{"line":438,"column":6},"end":{"line":442,"column":7}},"132":{"start":{"line":439,"column":8},"end":{"line":441,"column":11}},"133":{"start":{"line":440,"column":10},"end":{"line":440,"column":56}},"134":{"start":{"line":450,"column":4},"end":{"line":453,"column":5}},"135":{"start":{"line":451,"column":6},"end":{"line":451,"column":39}},"136":{"start":{"line":452,"column":6},"end":{"line":452,"column":31}},"137":{"start":{"line":461,"column":19},"end":{"line":461,"column":58}},"138":{"start":{"line":463,"column":4},"end":{"line":469,"column":5}},"139":{"start":{"line":465,"column":26},"end":{"line":465,"column":59}},"140":{"start":{"line":466,"column":24},"end":{"line":466,"column":34}},"141":{"start":{"line":467,"column":6},"end":{"line":467,"column":54}},"142":{"start":{"line":468,"column":6},"end":{"line":468,"column":56}},"143":{"start":{"line":471,"column":4},"end":{"line":471,"column":20}},"144":{"start":{"line":479,"column":19},"end":{"line":479,"column":51}},"145":{"start":{"line":480,"column":16},"end":{"line":480,"column":39}},"146":{"start":{"line":481,"column":4},"end":{"line":481,"column":29}},"147":{"start":{"line":482,"column":4},"end":{"line":482,"column":28}},"148":{"start":{"line":483,"column":4},"end":{"line":483,"column":45}},"149":{"start":{"line":485,"column":24},"end":{"line":491,"column":15}},"150":{"start":{"line":494,"column":15},"end":{"line":494,"column":16}},"151":{"start":{"line":495,"column":4},"end":{"line":499,"column":5}},"152":{"start":{"line":495,"column":17},"end":{"line":495,"column":18}},"153":{"start":{"line":496,"column":19},"end":{"line":496,"column":44}},"154":{"start":{"line":497,"column":6},"end":{"line":497,"column":41}},"155":{"start":{"line":498,"column":6},"end":{"line":498,"column":25}},"156":{"start":{"line":501,"column":4},"end":{"line":501,"column":39}},"157":{"start":{"line":509,"column":4},"end":{"line":516,"column":6}},"158":{"start":{"line":524,"column":28},"end":{"line":524,"column":67}},"159":{"start":{"line":525,"column":4},"end":{"line":529,"column":5}},"160":{"start":{"line":526,"column":6},"end":{"line":526,"column":49}},"161":{"start":{"line":528,"column":6},"end":{"line":528,"column":75}},"162":{"start":{"line":537,"column":4},"end":{"line":544,"column":6}},"163":{"start":{"line":552,"column":4},"end":{"line":552,"column":58}},"164":{"start":{"line":559,"column":4},"end":{"line":559,"column":28}},"165":{"start":{"line":561,"column":4},"end":{"line":563,"column":5}},"166":{"start":{"line":562,"column":6},"end":{"line":562,"column":29}},"167":{"start":{"line":565,"column":4},"end":{"line":565,"column":28}},"168":{"start":{"line":572,"column":4},"end":{"line":579,"column":6}}},"fnMap":{"0":{"name":"(anonymous_0)","decl":{"start":{"line":13,"column":2},"end":{"line":13,"column":3}},"loc":{"start":{"line":13,"column":16},"end":{"line":27,"column":3}},"line":13},"1":{"name":"(anonymous_1)","decl":{"start":{"line":33,"column":2},"end":{"line":33,"column":3}},"loc":{"start":{"line":33,"column":27},"end":{"line":58,"column":3}},"line":33},"2":{"name":"(anonymous_2)","decl":{"start":{"line":38,"column":30},"end":{"line":38,"column":31}},"loc":{"start":{"line":38,"column":36},"end":{"line":41,"column":7}},"line":38},"3":{"name":"(anonymous_3)","decl":{"start":{"line":43,"column":33},"end":{"line":43,"column":34}},"loc":{"start":{"line":43,"column":44},"end":{"line":45,"column":7}},"line":43},"4":{"name":"(anonymous_4)","decl":{"start":{"line":47,"column":31},"end":{"line":47,"column":32}},"loc":{"start":{"line":47,"column":37},"end":{"line":50,"column":7}},"line":47},"5":{"name":"(anonymous_5)","decl":{"start":{"line":49,"column":19},"end":{"line":49,"column":20}},"loc":{"start":{"line":49,"column":25},"end":{"line":49,"column":54}},"line":49},"6":{"name":"(anonymous_6)","decl":{"start":{"line":52,"column":31},"end":{"line":52,"column":32}},"loc":{"start":{"line":52,"column":42},"end":{"line":54,"column":7}},"line":52},"7":{"name":"(anonymous_7)","decl":{"start":{"line":64,"column":2},"end":{"line":64,"column":3}},"loc":{"start":{"line":64,"column":27},"end":{"line":73,"column":3}},"line":64},"8":{"name":"(anonymous_8)","decl":{"start":{"line":79,"column":2},"end":{"line":79,"column":3}},"loc":{"start":{"line":79,"column":43},"end":{"line":93,"column":3}},"line":79},"9":{"name":"(anonymous_9)","decl":{"start":{"line":100,"column":2},"end":{"line":100,"column":3}},"loc":{"start":{"line":100,"column":41},"end":{"line":170,"column":3}},"line":100},"10":{"name":"(anonymous_10)","decl":{"start":{"line":176,"column":2},"end":{"line":176,"column":3}},"loc":{"start":{"line":176,"column":34},"end":{"line":211,"column":3}},"line":176},"11":{"name":"(anonymous_11)","decl":{"start":{"line":217,"column":2},"end":{"line":217,"column":3}},"loc":{"start":{"line":217,"column":33},"end":{"line":252,"column":3}},"line":217},"12":{"name":"(anonymous_12)","decl":{"start":{"line":258,"column":2},"end":{"line":258,"column":3}},"loc":{"start":{"line":258,"column":35},"end":{"line":293,"column":3}},"line":258},"13":{"name":"(anonymous_13)","decl":{"start":{"line":299,"column":2},"end":{"line":299,"column":3}},"loc":{"start":{"line":299,"column":50},"end":{"line":303,"column":3}},"line":299},"14":{"name":"(anonymous_14)","decl":{"start":{"line":309,"column":2},"end":{"line":309,"column":3}},"loc":{"start":{"line":309,"column":46},"end":{"line":321,"column":3}},"line":309},"15":{"name":"(anonymous_15)","decl":{"start":{"line":327,"column":2},"end":{"line":327,"column":3}},"loc":{"start":{"line":327,"column":38},"end":{"line":339,"column":3}},"line":327},"16":{"name":"(anonymous_16)","decl":{"start":{"line":345,"column":2},"end":{"line":345,"column":3}},"loc":{"start":{"line":345,"column":34},"end":{"line":368,"column":3}},"line":345},"17":{"name":"(anonymous_17)","decl":{"start":{"line":374,"column":2},"end":{"line":374,"column":3}},"loc":{"start":{"line":374,"column":35},"end":{"line":381,"column":3}},"line":374},"18":{"name":"(anonymous_18)","decl":{"start":{"line":379,"column":17},"end":{"line":379,"column":18}},"loc":{"start":{"line":379,"column":23},"end":{"line":379,"column":48}},"line":379},"19":{"name":"(anonymous_19)","decl":{"start":{"line":387,"column":2},"end":{"line":387,"column":3}},"loc":{"start":{"line":387,"column":44},"end":{"line":396,"column":3}},"line":387},"20":{"name":"(anonymous_20)","decl":{"start":{"line":402,"column":2},"end":{"line":402,"column":3}},"loc":{"start":{"line":402,"column":28},"end":{"line":404,"column":3}},"line":402},"21":{"name":"(anonymous_21)","decl":{"start":{"line":410,"column":2},"end":{"line":410,"column":3}},"loc":{"start":{"line":410,"column":31},"end":{"line":415,"column":3}},"line":410},"22":{"name":"(anonymous_22)","decl":{"start":{"line":421,"column":2},"end":{"line":421,"column":3}},"loc":{"start":{"line":421,"column":39},"end":{"line":429,"column":3}},"line":421},"23":{"name":"(anonymous_23)","decl":{"start":{"line":422,"column":31},"end":{"line":422,"column":32}},"loc":{"start":{"line":422,"column":43},"end":{"line":428,"column":5}},"line":422},"24":{"name":"(anonymous_24)","decl":{"start":{"line":435,"column":2},"end":{"line":435,"column":3}},"loc":{"start":{"line":435,"column":22},"end":{"line":444,"column":3}},"line":435},"25":{"name":"(anonymous_25)","decl":{"start":{"line":437,"column":36},"end":{"line":437,"column":37}},"loc":{"start":{"line":437,"column":42},"end":{"line":443,"column":5}},"line":437},"26":{"name":"(anonymous_26)","decl":{"start":{"line":439,"column":40},"end":{"line":439,"column":41}},"loc":{"start":{"line":439,"column":49},"end":{"line":441,"column":9}},"line":439},"27":{"name":"(anonymous_27)","decl":{"start":{"line":449,"column":2},"end":{"line":449,"column":3}},"loc":{"start":{"line":449,"column":21},"end":{"line":454,"column":3}},"line":449},"28":{"name":"(anonymous_28)","decl":{"start":{"line":460,"column":2},"end":{"line":460,"column":3}},"loc":{"start":{"line":460,"column":21},"end":{"line":472,"column":3}},"line":460},"29":{"name":"(anonymous_29)","decl":{"start":{"line":478,"column":2},"end":{"line":478,"column":3}},"loc":{"start":{"line":478,"column":31},"end":{"line":502,"column":3}},"line":478},"30":{"name":"(anonymous_30)","decl":{"start":{"line":508,"column":2},"end":{"line":508,"column":3}},"loc":{"start":{"line":508,"column":18},"end":{"line":517,"column":3}},"line":508},"31":{"name":"(anonymous_31)","decl":{"start":{"line":523,"column":2},"end":{"line":523,"column":3}},"loc":{"start":{"line":523,"column":42},"end":{"line":530,"column":3}},"line":523},"32":{"name":"(anonymous_32)","decl":{"start":{"line":536,"column":2},"end":{"line":536,"column":3}},"loc":{"start":{"line":536,"column":18},"end":{"line":545,"column":3}},"line":536},"33":{"name":"(anonymous_33)","decl":{"start":{"line":551,"column":2},"end":{"line":551,"column":3}},"loc":{"start":{"line":551,"column":23},"end":{"line":553,"column":3}},"line":551},"34":{"name":"(anonymous_34)","decl":{"start":{"line":558,"column":2},"end":{"line":558,"column":3}},"loc":{"start":{"line":558,"column":12},"end":{"line":566,"column":3}},"line":558},"35":{"name":"(anonymous_35)","decl":{"start":{"line":571,"column":2},"end":{"line":571,"column":3}},"loc":{"start":{"line":571,"column":18},"end":{"line":580,"column":3}},"line":571}},"branchMap":{"0":{"loc":{"start":{"line":35,"column":20},"end":{"line":35,"column":82}},"type":"binary-expr","locations":[{"start":{"line":35,"column":20},"end":{"line":35,"column":48}},{"start":{"line":35,"column":52},"end":{"line":35,"column":82}}],"line":35},"1":{"loc":{"start":{"line":65,"column":4},"end":{"line":72,"column":5}},"type":"if","locations":[{"start":{"line":65,"column":4},"end":{"line":72,"column":5}},{"start":{},"end":{}}],"line":65},"2":{"loc":{"start":{"line":65,"column":8},"end":{"line":65,"column":70}},"type":"binary-expr","locations":[{"start":{"line":65,"column":8},"end":{"line":65,"column":22}},{"start":{"line":65,"column":26},"end":{"line":65,"column":70}}],"line":65},"3":{"loc":{"start":{"line":80,"column":4},"end":{"line":92,"column":5}},"type":"switch","locations":[{"start":{"line":81,"column":6},"end":{"line":83,"column":14}},{"start":{"line":84,"column":6},"end":{"line":86,"column":14}},{"start":{"line":87,"column":6},"end":{"line":89,"column":14}},{"start":{"line":90,"column":6},"end":{"line":91,"column":64}}],"line":80},"4":{"loc":{"start":{"line":100,"column":27},"end":{"line":100,"column":39}},"type":"default-arg","locations":[{"start":{"line":100,"column":37},"end":{"line":100,"column":39}}],"line":100},"5":{"loc":{"start":{"line":101,"column":4},"end":{"line":104,"column":5}},"type":"if","locations":[{"start":{"line":101,"column":4},"end":{"line":104,"column":5}},{"start":{},"end":{}}],"line":101},"6":{"loc":{"start":{"line":198,"column":4},"end":{"line":200,"column":5}},"type":"if","locations":[{"start":{"line":198,"column":4},"end":{"line":200,"column":5}},{"start":{},"end":{}}],"line":198},"7":{"loc":{"start":{"line":208,"column":26},"end":{"line":208,"column":60}},"type":"binary-expr","locations":[{"start":{"line":208,"column":26},"end":{"line":208,"column":55}},{"start":{"line":208,"column":59},"end":{"line":208,"column":60}}],"line":208},"8":{"loc":{"start":{"line":209,"column":22},"end":{"line":209,"column":52}},"type":"binary-expr","locations":[{"start":{"line":209,"column":22},"end":{"line":209,"column":47}},{"start":{"line":209,"column":51},"end":{"line":209,"column":52}}],"line":209},"9":{"loc":{"start":{"line":239,"column":4},"end":{"line":241,"column":5}},"type":"if","locations":[{"start":{"line":239,"column":4},"end":{"line":241,"column":5}},{"start":{},"end":{}}],"line":239},"10":{"loc":{"start":{"line":249,"column":26},"end":{"line":249,"column":60}},"type":"binary-expr","locations":[{"start":{"line":249,"column":26},"end":{"line":249,"column":55}},{"start":{"line":249,"column":59},"end":{"line":249,"column":60}}],"line":249},"11":{"loc":{"start":{"line":250,"column":22},"end":{"line":250,"column":52}},"type":"binary-expr","locations":[{"start":{"line":250,"column":22},"end":{"line":250,"column":47}},{"start":{"line":250,"column":51},"end":{"line":250,"column":52}}],"line":250},"12":{"loc":{"start":{"line":280,"column":4},"end":{"line":282,"column":5}},"type":"if","locations":[{"start":{"line":280,"column":4},"end":{"line":282,"column":5}},{"start":{},"end":{}}],"line":280},"13":{"loc":{"start":{"line":290,"column":26},"end":{"line":290,"column":60}},"type":"binary-expr","locations":[{"start":{"line":290,"column":26},"end":{"line":290,"column":55}},{"start":{"line":290,"column":59},"end":{"line":290,"column":60}}],"line":290},"14":{"loc":{"start":{"line":291,"column":22},"end":{"line":291,"column":52}},"type":"binary-expr","locations":[{"start":{"line":291,"column":22},"end":{"line":291,"column":47}},{"start":{"line":291,"column":51},"end":{"line":291,"column":52}}],"line":291},"15":{"loc":{"start":{"line":310,"column":4},"end":{"line":312,"column":5}},"type":"if","locations":[{"start":{"line":310,"column":4},"end":{"line":312,"column":5}},{"start":{},"end":{}}],"line":310},"16":{"loc":{"start":{"line":310,"column":8},"end":{"line":310,"column":40}},"type":"binary-expr","locations":[{"start":{"line":310,"column":8},"end":{"line":310,"column":16}},{"start":{"line":310,"column":20},"end":{"line":310,"column":40}}],"line":310},"17":{"loc":{"start":{"line":328,"column":4},"end":{"line":338,"column":5}},"type":"switch","locations":[{"start":{"line":329,"column":6},"end":{"line":329,"column":20}},{"start":{"line":330,"column":6},"end":{"line":332,"column":14}},{"start":{"line":333,"column":6},"end":{"line":335,"column":14}},{"start":{"line":336,"column":6},"end":{"line":337,"column":70}}],"line":328},"18":{"loc":{"start":{"line":346,"column":4},"end":{"line":349,"column":5}},"type":"if","locations":[{"start":{"line":346,"column":4},"end":{"line":349,"column":5}},{"start":{},"end":{}}],"line":346},"19":{"loc":{"start":{"line":378,"column":4},"end":{"line":380,"column":5}},"type":"if","locations":[{"start":{"line":378,"column":4},"end":{"line":380,"column":5}},{"start":{},"end":{}}],"line":378},"20":{"loc":{"start":{"line":412,"column":4},"end":{"line":414,"column":5}},"type":"if","locations":[{"start":{"line":412,"column":4},"end":{"line":414,"column":5}},{"start":{},"end":{}}],"line":412},"21":{"loc":{"start":{"line":438,"column":6},"end":{"line":442,"column":7}},"type":"if","locations":[{"start":{"line":438,"column":6},"end":{"line":442,"column":7}},{"start":{},"end":{}}],"line":438},"22":{"loc":{"start":{"line":438,"column":10},"end":{"line":438,"column":50}},"type":"binary-expr","locations":[{"start":{"line":438,"column":10},"end":{"line":438,"column":30}},{"start":{"line":438,"column":34},"end":{"line":438,"column":50}}],"line":438},"23":{"loc":{"start":{"line":450,"column":4},"end":{"line":453,"column":5}},"type":"if","locations":[{"start":{"line":450,"column":4},"end":{"line":453,"column":5}},{"start":{},"end":{}}],"line":450},"24":{"loc":{"start":{"line":463,"column":4},"end":{"line":469,"column":5}},"type":"if","locations":[{"start":{"line":463,"column":4},"end":{"line":469,"column":5}},{"start":{},"end":{}}],"line":463},"25":{"loc":{"start":{"line":525,"column":4},"end":{"line":529,"column":5}},"type":"if","locations":[{"start":{"line":525,"column":4},"end":{"line":529,"column":5}},{"start":{"line":527,"column":11},"end":{"line":529,"column":5}}],"line":525},"26":{"loc":{"start":{"line":541,"column":27},"end":{"line":541,"column":89}},"type":"binary-expr","locations":[{"start":{"line":541,"column":27},"end":{"line":541,"column":41}},{"start":{"line":541,"column":45},"end":{"line":541,"column":89}}],"line":541},"27":{"loc":{"start":{"line":561,"column":4},"end":{"line":563,"column":5}},"type":"if","locations":[{"start":{"line":561,"column":4},"end":{"line":563,"column":5}},{"start":{},"end":{}}],"line":561},"28":{"loc":{"start":{"line":577,"column":24},"end":{"line":577,"column":84}},"type":"cond-expr","locations":[{"start":{"line":577,"column":41},"end":{"line":577,"column":66}},{"start":{"line":577,"column":69},"end":{"line":577,"column":84}}],"line":577}},"s":{"0":0,"1":0,"2":0,"3":0,"4":0,"5":0,"6":0,"7":0,"8":0,"9":0,"10":0,"11":0,"12":0,"13":0,"14":0,"15":0,"16":0,"17":0,"18":0,"19":0,"20":0,"21":0,"22":0,"23":0,"24":0,"25":0,"26":0,"27":0,"28":0,"29":0,"30":0,"31":0,"32":0,"33":0,"34":0,"35":0,"36":0,"37":0,"38":0,"39":0,"40":0,"41":0,"42":0,"43":0,"44":0,"45":0,"46":0,"47":0,"48":0,"49":0,"50":0,"51":0,"52":0,"53":0,"54":0,"55":0,"56":0,"57":0,"58":0,"59":0,"60":0,"61":0,"62":0,"63":0,"64":0,"65":0,"66":0,"67":0,"68":0,"69":0,"70":0,"71":0,"72":0,"73":0,"74":0,"75":0,"76":0,"77":0,"78":0,"79":0,"80":0,"81":0,"82":0,"83":0,"84":0,"85":0,"86":0,"87":0,"88":0,"89":0,"90":0,"91":0,"92":0,"93":0,"94":0,"95":0,"96":0,"97":0,"98":0,"99":0,"100":0,"101":0,"102":0,"103":0,"104":0,"105":0,"106":0,"107":0,"108":0,"109":0,"110":0,"111":0,"112":0,"113":0,"114":0,"115":0,"116":0,"117":0,"118":0,"119":0,"120":0,"121":0,"122":0,"123":0,"124":0,"125":0,"126":0,"127":0,"128":0,"129":0,"130":0,"131":0,"132":0,"133":0,"134":0,"135":0,"136":0,"137":0,"138":0,"139":0,"140":0,"141":0,"142":0,"143":0,"144":0,"145":0,"146":0,"147":0,"148":0,"149":0,"150":0,"151":0,"152":0,"153":0,"154":0,"155":0,"156":0,"157":0,"158":0,"159":0,"160":0,"161":0,"162":0,"163":0,"164":0,"165":0,"166":0,"167":0,"168":0},"f":{"0":0,"1":0,"2":0,"3":0,"4":0,"5":0,"6":0,"7":0,"8":0,"9":0,"10":0,"11":0,"12":0,"13":0,"14":0,"15":0,"16":0,"17":0,"18":0,"19":0,"20":0,"21":0,"22":0,"23":0,"24":0,"25":0,"26":0,"27":0,"28":0,"29":0,"30":0,"31":0,"32":0,"33":0,"34":0,"35":0},"b":{"0":[0,0],"1":[0,0],"2":[0,0],"3":[0,0,0,0],"4":[0],"5":[0,0],"6":[0,0],"7":[0,0],"8":[0,0],"9":[0,0],"10":[0,0],"11":[0,0],"12":[0,0],"13":[0,0],"14":[0,0],"15":[0,0],"16":[0,0],"17":[0,0,0,0],"18":[0,0],"19":[0,0],"20":[0,0],"21":[0,0],"22":[0,0],"23":[0,0],"24":[0,0],"25":[0,0],"26":[0,0],"27":[0,0],"28":[0,0]},"_coverageSchema":"1a1c01bbd47fc00a2c39e90264f33305004495a9","hash":"2b796e95c23c9735793ce2da7e692172ab99a42b"}
,"C:\\Users\\Saaz\\Desktop\\Dhayan-FYP-main\\frontend\\src\\services\\DataPersistenceService.js": {"path":"C:\\Users\\Saaz\\Desktop\\Dhayan-FYP-main\\frontend\\src\\services\\DataPersistenceService.js","statementMap":{"0":{"start":{"line":16,"column":4},"end":{"line":16,"column":88}},"1":{"start":{"line":17,"column":4},"end":{"line":17,"column":37}},"2":{"start":{"line":18,"column":4},"end":{"line":18,"column":24}},"3":{"start":{"line":19,"column":4},"end":{"line":19,"column":38}},"4":{"start":{"line":20,"column":4},"end":{"line":20,"column":34}},"5":{"start":{"line":21,"column":4},"end":{"line":21,"column":34}},"6":{"start":{"line":22,"column":4},"end":{"line":22,"column":32}},"7":{"start":{"line":23,"column":4},"end":{"line":23,"column":34}},"8":{"start":{"line":26,"column":4},"end":{"line":26,"column":38}},"9":{"start":{"line":29,"column":4},"end":{"line":29,"column":36}},"10":{"start":{"line":32,"column":4},"end":{"line":32,"column":29}},"11":{"start":{"line":39,"column":4},"end":{"line":43,"column":7}},"12":{"start":{"line":40,"column":6},"end":{"line":40,"column":49}},"13":{"start":{"line":41,"column":6},"end":{"line":41,"column":27}},"14":{"start":{"line":42,"column":6},"end":{"line":42,"column":29}},"15":{"start":{"line":45,"column":4},"end":{"line":48,"column":7}},"16":{"start":{"line":46,"column":6},"end":{"line":46,"column":73}},"17":{"start":{"line":47,"column":6},"end":{"line":47,"column":28}},"18":{"start":{"line":55,"column":4},"end":{"line":93,"column":7}},"19":{"start":{"line":56,"column":22},"end":{"line":56,"column":57}},"20":{"start":{"line":58,"column":6},"end":{"line":61,"column":8}},"21":{"start":{"line":59,"column":8},"end":{"line":59,"column":62}},"22":{"start":{"line":60,"column":8},"end":{"line":60,"column":30}},"23":{"start":{"line":63,"column":6},"end":{"line":67,"column":8}},"24":{"start":{"line":64,"column":8},"end":{"line":64,"column":33}},"25":{"start":{"line":65,"column":8},"end":{"line":65,"column":51}},"26":{"start":{"line":66,"column":8},"end":{"line":66,"column":18}},"27":{"start":{"line":69,"column":6},"end":{"line":92,"column":8}},"28":{"start":{"line":70,"column":19},"end":{"line":70,"column":38}},"29":{"start":{"line":73,"column":8},"end":{"line":76,"column":9}},"30":{"start":{"line":74,"column":32},"end":{"line":74,"column":92}},"31":{"start":{"line":75,"column":10},"end":{"line":75,"column":83}},"32":{"start":{"line":78,"column":8},"end":{"line":82,"column":9}},"33":{"start":{"line":79,"column":31},"end":{"line":79,"column":94}},"34":{"start":{"line":80,"column":10},"end":{"line":80,"column":78}},"35":{"start":{"line":81,"column":10},"end":{"line":81,"column":82}},"36":{"start":{"line":84,"column":8},"end":{"line":86,"column":9}},"37":{"start":{"line":85,"column":10},"end":{"line":85,"column":84}},"38":{"start":{"line":88,"column":8},"end":{"line":91,"column":9}},"39":{"start":{"line":89,"column":31},"end":{"line":89,"column":93}},"40":{"start":{"line":90,"column":10},"end":{"line":90,"column":82}},"41":{"start":{"line":102,"column":22},"end":{"line":102,"column":32}},"42":{"start":{"line":104,"column":4},"end":{"line":162,"column":5}},"43":{"start":{"line":106,"column":34},"end":{"line":110,"column":7}},"44":{"start":{"line":113,"column":6},"end":{"line":113,"column":71}},"45":{"start":{"line":115,"column":6},"end":{"line":146,"column":7}},"46":{"start":{"line":117,"column":25},"end":{"line":117,"column":88}},"47":{"start":{"line":120,"column":32},"end":{"line":120,"column":54}},"48":{"start":{"line":121,"column":8},"end":{"line":123,"column":9}},"49":{"start":{"line":122,"column":10},"end":{"line":122,"column":93}},"50":{"start":{"line":126,"column":8},"end":{"line":126,"column":69}},"51":{"start":{"line":128,"column":8},"end":{"line":132,"column":10}},"52":{"start":{"line":135,"column":8},"end":{"line":135,"column":69}},"53":{"start":{"line":136,"column":8},"end":{"line":136,"column":72}},"54":{"start":{"line":138,"column":32},"end":{"line":138,"column":54}},"55":{"start":{"line":140,"column":8},"end":{"line":145,"column":10}},"56":{"start":{"line":148,"column":6},"end":{"line":148,"column":63}},"57":{"start":{"line":151,"column":34},"end":{"line":156,"column":7}},"58":{"start":{"line":158,"column":6},"end":{"line":158,"column":67}},"59":{"start":{"line":159,"column":6},"end":{"line":159,"column":70}},"60":{"start":{"line":161,"column":6},"end":{"line":161,"column":62}},"61":{"start":{"line":171,"column":22},"end":{"line":171,"column":114}},"62":{"start":{"line":173,"column":31},"end":{"line":179,"column":5}},"63":{"start":{"line":182,"column":4},"end":{"line":182,"column":57}},"64":{"start":{"line":184,"column":4},"end":{"line":215,"column":5}},"65":{"start":{"line":185,"column":6},"end":{"line":202,"column":7}},"66":{"start":{"line":187,"column":25},"end":{"line":187,"column":87}},"67":{"start":{"line":190,"column":8},"end":{"line":190,"column":68}},"68":{"start":{"line":192,"column":8},"end":{"line":192,"column":24}},"69":{"start":{"line":195,"column":8},"end":{"line":195,"column":68}},"70":{"start":{"line":196,"column":8},"end":{"line":196,"column":70}},"71":{"start":{"line":198,"column":8},"end":{"line":201,"column":10}},"72":{"start":{"line":204,"column":6},"end":{"line":204,"column":61}},"73":{"start":{"line":207,"column":6},"end":{"line":207,"column":66}},"74":{"start":{"line":208,"column":6},"end":{"line":208,"column":68}},"75":{"start":{"line":210,"column":6},"end":{"line":214,"column":8}},"76":{"start":{"line":225,"column":4},"end":{"line":227,"column":5}},"77":{"start":{"line":226,"column":6},"end":{"line":226,"column":58}},"78":{"start":{"line":229,"column":25},"end":{"line":229,"column":55}},"79":{"start":{"line":230,"column":26},"end":{"line":230,"column":50}},"80":{"start":{"line":232,"column":4},"end":{"line":264,"column":5}},"81":{"start":{"line":234,"column":25},"end":{"line":237,"column":8}},"82":{"start":{"line":240,"column":24},"end":{"line":240,"column":57}},"83":{"start":{"line":243,"column":25},"end":{"line":243,"column":79}},"84":{"start":{"line":246,"column":6},"end":{"line":246,"column":55}},"85":{"start":{"line":249,"column":25},"end":{"line":249,"column":74}},"86":{"start":{"line":251,"column":6},"end":{"line":251,"column":45}},"87":{"start":{"line":253,"column":6},"end":{"line":260,"column":8}},"88":{"start":{"line":262,"column":6},"end":{"line":262,"column":67}},"89":{"start":{"line":263,"column":6},"end":{"line":263,"column":18}},"90":{"start":{"line":271,"column":4},"end":{"line":274,"column":5}},"91":{"start":{"line":272,"column":6},"end":{"line":272,"column":56}},"92":{"start":{"line":273,"column":6},"end":{"line":273,"column":13}},"93":{"start":{"line":276,"column":4},"end":{"line":276,"column":31}},"94":{"start":{"line":278,"column":4},"end":{"line":317,"column":5}},"95":{"start":{"line":279,"column":6},"end":{"line":279,"column":59}},"96":{"start":{"line":282,"column":31},"end":{"line":282,"column":63}},"97":{"start":{"line":284,"column":6},"end":{"line":287,"column":7}},"98":{"start":{"line":285,"column":8},"end":{"line":285,"column":47}},"99":{"start":{"line":286,"column":8},"end":{"line":286,"column":15}},"100":{"start":{"line":289,"column":6},"end":{"line":289,"column":75}},"101":{"start":{"line":291,"column":26},"end":{"line":291,"column":28}},"102":{"start":{"line":293,"column":6},"end":{"line":310,"column":7}},"103":{"start":{"line":294,"column":8},"end":{"line":309,"column":9}},"104":{"start":{"line":295,"column":25},"end":{"line":295,"column":69}},"105":{"start":{"line":296,"column":10},"end":{"line":296,"column":83}},"106":{"start":{"line":299,"column":10},"end":{"line":299,"column":51}},"107":{"start":{"line":301,"column":10},"end":{"line":301,"column":76}},"108":{"start":{"line":302,"column":10},"end":{"line":302,"column":96}},"109":{"start":{"line":305,"column":10},"end":{"line":308,"column":13}},"110":{"start":{"line":312,"column":6},"end":{"line":312,"column":58}},"111":{"start":{"line":314,"column":6},"end":{"line":314,"column":25}},"112":{"start":{"line":316,"column":6},"end":{"line":316,"column":34}},"113":{"start":{"line":326,"column":4},"end":{"line":328,"column":5}},"114":{"start":{"line":327,"column":6},"end":{"line":327,"column":63}},"115":{"start":{"line":330,"column":24},"end":{"line":336,"column":5}},"116":{"start":{"line":338,"column":4},"end":{"line":374,"column":5}},"117":{"start":{"line":340,"column":34},"end":{"line":340,"column":79}},"118":{"start":{"line":341,"column":6},"end":{"line":341,"column":61}},"119":{"start":{"line":344,"column":33},"end":{"line":344,"column":77}},"120":{"start":{"line":345,"column":6},"end":{"line":345,"column":59}},"121":{"start":{"line":348,"column":33},"end":{"line":348,"column":77}},"122":{"start":{"line":349,"column":6},"end":{"line":349,"column":59}},"123":{"start":{"line":352,"column":32},"end":{"line":356,"column":7}},"124":{"start":{"line":358,"column":6},"end":{"line":358,"column":110}},"125":{"start":{"line":358,"column":73},"end":{"line":358,"column":78}},"126":{"start":{"line":359,"column":6},"end":{"line":359,"column":73}},"127":{"start":{"line":362,"column":6},"end":{"line":366,"column":8}},"128":{"start":{"line":368,"column":6},"end":{"line":368,"column":25}},"129":{"start":{"line":370,"column":6},"end":{"line":370,"column":60}},"130":{"start":{"line":371,"column":6},"end":{"line":371,"column":41}},"131":{"start":{"line":372,"column":6},"end":{"line":372,"column":40}},"132":{"start":{"line":373,"column":6},"end":{"line":373,"column":25}},"133":{"start":{"line":382,"column":21},"end":{"line":382,"column":58}},"134":{"start":{"line":384,"column":21},"end":{"line":391,"column":6}},"135":{"start":{"line":393,"column":4},"end":{"line":395,"column":5}},"136":{"start":{"line":394,"column":6},"end":{"line":394,"column":75}},"137":{"start":{"line":397,"column":4},"end":{"line":397,"column":33}},"138":{"start":{"line":405,"column":4},"end":{"line":413,"column":7}},"139":{"start":{"line":406,"column":26},"end":{"line":406,"column":71}},"140":{"start":{"line":407,"column":20},"end":{"line":407,"column":54}},"141":{"start":{"line":409,"column":22},"end":{"line":409,"column":37}},"142":{"start":{"line":411,"column":6},"end":{"line":411,"column":56}},"143":{"start":{"line":411,"column":32},"end":{"line":411,"column":55}},"144":{"start":{"line":412,"column":6},"end":{"line":412,"column":52}},"145":{"start":{"line":412,"column":30},"end":{"line":412,"column":51}},"146":{"start":{"line":421,"column":22},"end":{"line":426,"column":5}},"147":{"start":{"line":428,"column":4},"end":{"line":439,"column":7}},"148":{"start":{"line":429,"column":26},"end":{"line":429,"column":73}},"149":{"start":{"line":430,"column":20},"end":{"line":430,"column":56}},"150":{"start":{"line":432,"column":22},"end":{"line":432,"column":42}},"151":{"start":{"line":434,"column":6},"end":{"line":437,"column":8}},"152":{"start":{"line":435,"column":8},"end":{"line":435,"column":39}},"153":{"start":{"line":436,"column":8},"end":{"line":436,"column":32}},"154":{"start":{"line":438,"column":6},"end":{"line":438,"column":52}},"155":{"start":{"line":438,"column":30},"end":{"line":438,"column":51}},"156":{"start":{"line":447,"column":4},"end":{"line":455,"column":7}},"157":{"start":{"line":448,"column":26},"end":{"line":448,"column":72}},"158":{"start":{"line":449,"column":20},"end":{"line":449,"column":56}},"159":{"start":{"line":451,"column":22},"end":{"line":451,"column":36}},"160":{"start":{"line":453,"column":6},"end":{"line":453,"column":56}},"161":{"start":{"line":453,"column":32},"end":{"line":453,"column":55}},"162":{"start":{"line":454,"column":6},"end":{"line":454,"column":52}},"163":{"start":{"line":454,"column":30},"end":{"line":454,"column":51}},"164":{"start":{"line":463,"column":4},"end":{"line":472,"column":5}},"165":{"start":{"line":465,"column":8},"end":{"line":465,"column":74}},"166":{"start":{"line":467,"column":8},"end":{"line":467,"column":74}},"167":{"start":{"line":469,"column":8},"end":{"line":469,"column":75}},"168":{"start":{"line":471,"column":8},"end":{"line":471,"column":74}},"169":{"start":{"line":480,"column":4},"end":{"line":488,"column":7}},"170":{"start":{"line":481,"column":26},"end":{"line":481,"column":73}},"171":{"start":{"line":482,"column":20},"end":{"line":482,"column":56}},"172":{"start":{"line":484,"column":22},"end":{"line":484,"column":47}},"173":{"start":{"line":486,"column":6},"end":{"line":486,"column":42}},"174":{"start":{"line":486,"column":32},"end":{"line":486,"column":41}},"175":{"start":{"line":487,"column":6},"end":{"line":487,"column":52}},"176":{"start":{"line":487,"column":30},"end":{"line":487,"column":51}},"177":{"start":{"line":496,"column":22},"end":{"line":500,"column":5}},"178":{"start":{"line":502,"column":4},"end":{"line":502,"column":43}},"179":{"start":{"line":510,"column":4},"end":{"line":510,"column":52}},"180":{"start":{"line":518,"column":19},"end":{"line":518,"column":52}},"181":{"start":{"line":519,"column":4},"end":{"line":522,"column":5}},"182":{"start":{"line":520,"column":6},"end":{"line":520,"column":83}},"183":{"start":{"line":521,"column":6},"end":{"line":521,"column":50}},"184":{"start":{"line":523,"column":4},"end":{"line":523,"column":20}},"185":{"start":{"line":532,"column":4},"end":{"line":536,"column":14}},"186":{"start":{"line":533,"column":6},"end":{"line":535,"column":7}},"187":{"start":{"line":534,"column":8},"end":{"line":534,"column":31}},"188":{"start":{"line":545,"column":4},"end":{"line":549,"column":6}},"189":{"start":{"line":558,"column":4},"end":{"line":562,"column":6}},"190":{"start":{"line":571,"column":4},"end":{"line":575,"column":6}},"191":{"start":{"line":584,"column":4},"end":{"line":584,"column":41}},"192":{"start":{"line":593,"column":4},"end":{"line":593,"column":16}},"193":{"start":{"line":602,"column":4},"end":{"line":602,"column":40}},"194":{"start":{"line":611,"column":4},"end":{"line":611,"column":29}},"195":{"start":{"line":620,"column":4},"end":{"line":620,"column":27}},"196":{"start":{"line":629,"column":4},"end":{"line":629,"column":16}},"197":{"start":{"line":636,"column":4},"end":{"line":636,"column":34}},"198":{"start":{"line":637,"column":4},"end":{"line":637,"column":30}},"199":{"start":{"line":638,"column":4},"end":{"line":638,"column":24}},"200":{"start":{"line":639,"column":4},"end":{"line":639,"column":34}},"201":{"start":{"line":646,"column":4},"end":{"line":653,"column":6}}},"fnMap":{"0":{"name":"(anonymous_0)","decl":{"start":{"line":15,"column":2},"end":{"line":15,"column":3}},"loc":{"start":{"line":15,"column":16},"end":{"line":33,"column":3}},"line":15},"1":{"name":"(anonymous_1)","decl":{"start":{"line":38,"column":2},"end":{"line":38,"column":3}},"loc":{"start":{"line":38,"column":31},"end":{"line":49,"column":3}},"line":38},"2":{"name":"(anonymous_2)","decl":{"start":{"line":39,"column":38},"end":{"line":39,"column":39}},"loc":{"start":{"line":39,"column":44},"end":{"line":43,"column":5}},"line":39},"3":{"name":"(anonymous_3)","decl":{"start":{"line":45,"column":39},"end":{"line":45,"column":40}},"loc":{"start":{"line":45,"column":45},"end":{"line":48,"column":5}},"line":45},"4":{"name":"(anonymous_4)","decl":{"start":{"line":54,"column":2},"end":{"line":54,"column":3}},"loc":{"start":{"line":54,"column":35},"end":{"line":94,"column":3}},"line":54},"5":{"name":"(anonymous_5)","decl":{"start":{"line":55,"column":23},"end":{"line":55,"column":24}},"loc":{"start":{"line":55,"column":44},"end":{"line":93,"column":5}},"line":55},"6":{"name":"(anonymous_6)","decl":{"start":{"line":58,"column":24},"end":{"line":58,"column":25}},"loc":{"start":{"line":58,"column":30},"end":{"line":61,"column":7}},"line":58},"7":{"name":"(anonymous_7)","decl":{"start":{"line":63,"column":26},"end":{"line":63,"column":27}},"loc":{"start":{"line":63,"column":32},"end":{"line":67,"column":7}},"line":63},"8":{"name":"(anonymous_8)","decl":{"start":{"line":69,"column":32},"end":{"line":69,"column":33}},"loc":{"start":{"line":69,"column":43},"end":{"line":92,"column":7}},"line":69},"9":{"name":"(anonymous_9)","decl":{"start":{"line":101,"column":2},"end":{"line":101,"column":3}},"loc":{"start":{"line":101,"column":38},"end":{"line":163,"column":3}},"line":101},"10":{"name":"(anonymous_10)","decl":{"start":{"line":170,"column":2},"end":{"line":170,"column":3}},"loc":{"start":{"line":170,"column":39},"end":{"line":216,"column":3}},"line":170},"11":{"name":"(anonymous_11)","decl":{"start":{"line":224,"column":2},"end":{"line":224,"column":3}},"loc":{"start":{"line":224,"column":68},"end":{"line":265,"column":3}},"line":224},"12":{"name":"(anonymous_12)","decl":{"start":{"line":270,"column":2},"end":{"line":270,"column":3}},"loc":{"start":{"line":270,"column":26},"end":{"line":318,"column":3}},"line":270},"13":{"name":"(anonymous_13)","decl":{"start":{"line":325,"column":2},"end":{"line":325,"column":3}},"loc":{"start":{"line":325,"column":44},"end":{"line":375,"column":3}},"line":325},"14":{"name":"(anonymous_14)","decl":{"start":{"line":358,"column":63},"end":{"line":358,"column":64}},"loc":{"start":{"line":358,"column":73},"end":{"line":358,"column":78}},"line":358},"15":{"name":"(anonymous_15)","decl":{"start":{"line":381,"column":2},"end":{"line":381,"column":3}},"loc":{"start":{"line":381,"column":40},"end":{"line":398,"column":3}},"line":381},"16":{"name":"(anonymous_16)","decl":{"start":{"line":404,"column":2},"end":{"line":404,"column":3}},"loc":{"start":{"line":404,"column":38},"end":{"line":414,"column":3}},"line":404},"17":{"name":"(anonymous_17)","decl":{"start":{"line":405,"column":23},"end":{"line":405,"column":24}},"loc":{"start":{"line":405,"column":44},"end":{"line":413,"column":5}},"line":405},"18":{"name":"(anonymous_18)","decl":{"start":{"line":411,"column":26},"end":{"line":411,"column":27}},"loc":{"start":{"line":411,"column":32},"end":{"line":411,"column":55}},"line":411},"19":{"name":"(anonymous_19)","decl":{"start":{"line":412,"column":24},"end":{"line":412,"column":25}},"loc":{"start":{"line":412,"column":30},"end":{"line":412,"column":51}},"line":412},"20":{"name":"(anonymous_20)","decl":{"start":{"line":420,"column":2},"end":{"line":420,"column":3}},"loc":{"start":{"line":420,"column":38},"end":{"line":440,"column":3}},"line":420},"21":{"name":"(anonymous_21)","decl":{"start":{"line":428,"column":23},"end":{"line":428,"column":24}},"loc":{"start":{"line":428,"column":44},"end":{"line":439,"column":5}},"line":428},"22":{"name":"(anonymous_22)","decl":{"start":{"line":434,"column":26},"end":{"line":434,"column":27}},"loc":{"start":{"line":434,"column":32},"end":{"line":437,"column":7}},"line":434},"23":{"name":"(anonymous_23)","decl":{"start":{"line":438,"column":24},"end":{"line":438,"column":25}},"loc":{"start":{"line":438,"column":30},"end":{"line":438,"column":51}},"line":438},"24":{"name":"(anonymous_24)","decl":{"start":{"line":446,"column":2},"end":{"line":446,"column":3}},"loc":{"start":{"line":446,"column":30},"end":{"line":456,"column":3}},"line":446},"25":{"name":"(anonymous_25)","decl":{"start":{"line":447,"column":23},"end":{"line":447,"column":24}},"loc":{"start":{"line":447,"column":44},"end":{"line":455,"column":5}},"line":447},"26":{"name":"(anonymous_26)","decl":{"start":{"line":453,"column":26},"end":{"line":453,"column":27}},"loc":{"start":{"line":453,"column":32},"end":{"line":453,"column":55}},"line":453},"27":{"name":"(anonymous_27)","decl":{"start":{"line":454,"column":24},"end":{"line":454,"column":25}},"loc":{"start":{"line":454,"column":30},"end":{"line":454,"column":51}},"line":454},"28":{"name":"(anonymous_28)","decl":{"start":{"line":462,"column":2},"end":{"line":462,"column":3}},"loc":{"start":{"line":462,"column":42},"end":{"line":473,"column":3}},"line":462},"29":{"name":"(anonymous_29)","decl":{"start":{"line":479,"column":2},"end":{"line":479,"column":3}},"loc":{"start":{"line":479,"column":37},"end":{"line":489,"column":3}},"line":479},"30":{"name":"(anonymous_30)","decl":{"start":{"line":480,"column":23},"end":{"line":480,"column":24}},"loc":{"start":{"line":480,"column":44},"end":{"line":488,"column":5}},"line":480},"31":{"name":"(anonymous_31)","decl":{"start":{"line":486,"column":26},"end":{"line":486,"column":27}},"loc":{"start":{"line":486,"column":32},"end":{"line":486,"column":41}},"line":486},"32":{"name":"(anonymous_32)","decl":{"start":{"line":487,"column":24},"end":{"line":487,"column":25}},"loc":{"start":{"line":487,"column":30},"end":{"line":487,"column":51}},"line":487},"33":{"name":"(anonymous_33)","decl":{"start":{"line":495,"column":2},"end":{"line":495,"column":3}},"loc":{"start":{"line":495,"column":35},"end":{"line":503,"column":3}},"line":495},"34":{"name":"(anonymous_34)","decl":{"start":{"line":509,"column":2},"end":{"line":509,"column":3}},"loc":{"start":{"line":509,"column":17},"end":{"line":511,"column":3}},"line":509},"35":{"name":"(anonymous_35)","decl":{"start":{"line":517,"column":2},"end":{"line":517,"column":3}},"loc":{"start":{"line":517,"column":16},"end":{"line":524,"column":3}},"line":517},"36":{"name":"(anonymous_36)","decl":{"start":{"line":530,"column":2},"end":{"line":530,"column":3}},"loc":{"start":{"line":530,"column":22},"end":{"line":537,"column":3}},"line":530},"37":{"name":"(anonymous_37)","decl":{"start":{"line":532,"column":16},"end":{"line":532,"column":17}},"loc":{"start":{"line":532,"column":22},"end":{"line":536,"column":5}},"line":532},"38":{"name":"(anonymous_38)","decl":{"start":{"line":543,"column":2},"end":{"line":543,"column":3}},"loc":{"start":{"line":543,"column":43},"end":{"line":550,"column":3}},"line":543},"39":{"name":"(anonymous_39)","decl":{"start":{"line":556,"column":2},"end":{"line":556,"column":3}},"loc":{"start":{"line":556,"column":42},"end":{"line":563,"column":3}},"line":556},"40":{"name":"(anonymous_40)","decl":{"start":{"line":569,"column":2},"end":{"line":569,"column":3}},"loc":{"start":{"line":569,"column":42},"end":{"line":576,"column":3}},"line":569},"41":{"name":"(anonymous_41)","decl":{"start":{"line":582,"column":2},"end":{"line":582,"column":3}},"loc":{"start":{"line":582,"column":31},"end":{"line":585,"column":3}},"line":582},"42":{"name":"(anonymous_42)","decl":{"start":{"line":591,"column":2},"end":{"line":591,"column":3}},"loc":{"start":{"line":591,"column":40},"end":{"line":594,"column":3}},"line":591},"43":{"name":"(anonymous_43)","decl":{"start":{"line":600,"column":2},"end":{"line":600,"column":3}},"loc":{"start":{"line":600,"column":52},"end":{"line":603,"column":3}},"line":600},"44":{"name":"(anonymous_44)","decl":{"start":{"line":609,"column":2},"end":{"line":609,"column":3}},"loc":{"start":{"line":609,"column":41},"end":{"line":612,"column":3}},"line":609},"45":{"name":"(anonymous_45)","decl":{"start":{"line":618,"column":2},"end":{"line":618,"column":3}},"loc":{"start":{"line":618,"column":42},"end":{"line":621,"column":3}},"line":618},"46":{"name":"(anonymous_46)","decl":{"start":{"line":627,"column":2},"end":{"line":627,"column":3}},"loc":{"start":{"line":627,"column":52},"end":{"line":630,"column":3}},"line":627},"47":{"name":"(anonymous_47)","decl":{"start":{"line":635,"column":2},"end":{"line":635,"column":3}},"loc":{"start":{"line":635,"column":10},"end":{"line":640,"column":3}},"line":635},"48":{"name":"(anonymous_48)","decl":{"start":{"line":645,"column":2},"end":{"line":645,"column":3}},"loc":{"start":{"line":645,"column":18},"end":{"line":654,"column":3}},"line":645}},"branchMap":{"0":{"loc":{"start":{"line":16,"column":22},"end":{"line":16,"column":87}},"type":"binary-expr","locations":[{"start":{"line":16,"column":22},"end":{"line":16,"column":56}},{"start":{"line":16,"column":60},"end":{"line":16,"column":87}}],"line":16},"1":{"loc":{"start":{"line":73,"column":8},"end":{"line":76,"column":9}},"type":"if","locations":[{"start":{"line":73,"column":8},"end":{"line":76,"column":9}},{"start":{},"end":{}}],"line":73},"2":{"loc":{"start":{"line":78,"column":8},"end":{"line":82,"column":9}},"type":"if","locations":[{"start":{"line":78,"column":8},"end":{"line":82,"column":9}},{"start":{},"end":{}}],"line":78},"3":{"loc":{"start":{"line":84,"column":8},"end":{"line":86,"column":9}},"type":"if","locations":[{"start":{"line":84,"column":8},"end":{"line":86,"column":9}},{"start":{},"end":{}}],"line":84},"4":{"loc":{"start":{"line":88,"column":8},"end":{"line":91,"column":9}},"type":"if","locations":[{"start":{"line":88,"column":8},"end":{"line":91,"column":9}},{"start":{},"end":{}}],"line":88},"5":{"loc":{"start":{"line":109,"column":21},"end":{"line":109,"column":57}},"type":"cond-expr","locations":[{"start":{"line":109,"column":37},"end":{"line":109,"column":45}},{"start":{"line":109,"column":48},"end":{"line":109,"column":57}}],"line":109},"6":{"loc":{"start":{"line":115,"column":6},"end":{"line":146,"column":7}},"type":"if","locations":[{"start":{"line":115,"column":6},"end":{"line":146,"column":7}},{"start":{"line":133,"column":13},"end":{"line":146,"column":7}}],"line":115},"7":{"loc":{"start":{"line":121,"column":8},"end":{"line":123,"column":9}},"type":"if","locations":[{"start":{"line":121,"column":8},"end":{"line":123,"column":9}},{"start":{},"end":{}}],"line":121},"8":{"loc":{"start":{"line":171,"column":22},"end":{"line":171,"column":114}},"type":"binary-expr","locations":[{"start":{"line":171,"column":22},"end":{"line":171,"column":44}},{"start":{"line":171,"column":48},"end":{"line":171,"column":114}}],"line":171},"9":{"loc":{"start":{"line":178,"column":19},"end":{"line":178,"column":55}},"type":"cond-expr","locations":[{"start":{"line":178,"column":35},"end":{"line":178,"column":43}},{"start":{"line":178,"column":46},"end":{"line":178,"column":55}}],"line":178},"10":{"loc":{"start":{"line":185,"column":6},"end":{"line":202,"column":7}},"type":"if","locations":[{"start":{"line":185,"column":6},"end":{"line":202,"column":7}},{"start":{"line":193,"column":13},"end":{"line":202,"column":7}}],"line":185},"11":{"loc":{"start":{"line":224,"column":33},"end":{"line":224,"column":49}},"type":"default-arg","locations":[{"start":{"line":224,"column":44},"end":{"line":224,"column":49}}],"line":224},"12":{"loc":{"start":{"line":224,"column":51},"end":{"line":224,"column":66}},"type":"default-arg","locations":[{"start":{"line":224,"column":62},"end":{"line":224,"column":66}}],"line":224},"13":{"loc":{"start":{"line":225,"column":4},"end":{"line":227,"column":5}},"type":"if","locations":[{"start":{"line":225,"column":4},"end":{"line":227,"column":5}},{"start":{},"end":{}}],"line":225},"14":{"loc":{"start":{"line":229,"column":25},"end":{"line":229,"column":55}},"type":"binary-expr","locations":[{"start":{"line":229,"column":25},"end":{"line":229,"column":33}},{"start":{"line":229,"column":37},"end":{"line":229,"column":55}}],"line":229},"15":{"loc":{"start":{"line":257,"column":28},"end":{"line":257,"column":53}},"type":"binary-expr","locations":[{"start":{"line":257,"column":28},"end":{"line":257,"column":48}},{"start":{"line":257,"column":52},"end":{"line":257,"column":53}}],"line":257},"16":{"loc":{"start":{"line":258,"column":24},"end":{"line":258,"column":47}},"type":"binary-expr","locations":[{"start":{"line":258,"column":24},"end":{"line":258,"column":42}},{"start":{"line":258,"column":46},"end":{"line":258,"column":47}}],"line":258},"17":{"loc":{"start":{"line":271,"column":4},"end":{"line":274,"column":5}},"type":"if","locations":[{"start":{"line":271,"column":4},"end":{"line":274,"column":5}},{"start":{},"end":{}}],"line":271},"18":{"loc":{"start":{"line":284,"column":6},"end":{"line":287,"column":7}},"type":"if","locations":[{"start":{"line":284,"column":6},"end":{"line":287,"column":7}},{"start":{},"end":{}}],"line":284},"19":{"loc":{"start":{"line":306,"column":26},"end":{"line":306,"column":52}},"type":"binary-expr","locations":[{"start":{"line":306,"column":26},"end":{"line":306,"column":47}},{"start":{"line":306,"column":51},"end":{"line":306,"column":52}}],"line":306},"20":{"loc":{"start":{"line":325,"column":28},"end":{"line":325,"column":42}},"type":"default-arg","locations":[{"start":{"line":325,"column":40},"end":{"line":325,"column":42}}],"line":325},"21":{"loc":{"start":{"line":326,"column":4},"end":{"line":328,"column":5}},"type":"if","locations":[{"start":{"line":326,"column":4},"end":{"line":328,"column":5}},{"start":{},"end":{}}],"line":326},"22":{"loc":{"start":{"line":332,"column":22},"end":{"line":332,"column":43}},"type":"binary-expr","locations":[{"start":{"line":332,"column":22},"end":{"line":332,"column":38}},{"start":{"line":332,"column":42},"end":{"line":332,"column":43}}],"line":332},"23":{"loc":{"start":{"line":393,"column":4},"end":{"line":395,"column":5}},"type":"if","locations":[{"start":{"line":393,"column":4},"end":{"line":395,"column":5}},{"start":{},"end":{}}],"line":393},"24":{"loc":{"start":{"line":463,"column":4},"end":{"line":472,"column":5}},"type":"switch","locations":[{"start":{"line":464,"column":6},"end":{"line":465,"column":74}},{"start":{"line":466,"column":6},"end":{"line":467,"column":74}},{"start":{"line":468,"column":6},"end":{"line":469,"column":75}},{"start":{"line":470,"column":6},"end":{"line":471,"column":74}}],"line":463},"25":{"loc":{"start":{"line":502,"column":11},"end":{"line":502,"column":42}},"type":"binary-expr","locations":[{"start":{"line":502,"column":11},"end":{"line":502,"column":30}},{"start":{"line":502,"column":34},"end":{"line":502,"column":42}}],"line":502},"26":{"loc":{"start":{"line":510,"column":11},"end":{"line":510,"column":51}},"type":"binary-expr","locations":[{"start":{"line":510,"column":11},"end":{"line":510,"column":45}},{"start":{"line":510,"column":49},"end":{"line":510,"column":51}}],"line":510},"27":{"loc":{"start":{"line":519,"column":4},"end":{"line":522,"column":5}},"type":"if","locations":[{"start":{"line":519,"column":4},"end":{"line":522,"column":5}},{"start":{},"end":{}}],"line":519},"28":{"loc":{"start":{"line":533,"column":6},"end":{"line":535,"column":7}},"type":"if","locations":[{"start":{"line":533,"column":6},"end":{"line":535,"column":7}},{"start":{},"end":{}}],"line":533},"29":{"loc":{"start":{"line":533,"column":10},"end":{"line":533,"column":47}},"type":"binary-expr","locations":[{"start":{"line":533,"column":10},"end":{"line":533,"column":23}},{"start":{"line":533,"column":27},"end":{"line":533,"column":47}}],"line":533}},"s":{"0":3,"1":3,"2":3,"3":3,"4":3,"5":3,"6":3,"7":3,"8":3,"9":3,"10":3,"11":3,"12":0,"13":0,"14":0,"15":3,"16":0,"17":0,"18":3,"19":3,"20":3,"21":0,"22":0,"23":3,"24":2,"25":2,"26":2,"27":3,"28":0,"29":0,"30":0,"31":0,"32":0,"33":0,"34":0,"35":0,"36":0,"37":0,"38":0,"39":0,"40":0,"41":0,"42":0,"43":0,"44":0,"45":0,"46":0,"47":0,"48":0,"49":0,"50":0,"51":0,"52":0,"53":0,"54":0,"55":0,"56":0,"57":0,"58":0,"59":0,"60":0,"61":0,"62":0,"63":0,"64":0,"65":0,"66":0,"67":0,"68":0,"69":0,"70":0,"71":0,"72":0,"73":0,"74":0,"75":0,"76":0,"77":0,"78":0,"79":0,"80":0,"81":0,"82":0,"83":0,"84":0,"85":0,"86":0,"87":0,"88":0,"89":0,"90":0,"91":0,"92":0,"93":0,"94":0,"95":0,"96":0,"97":0,"98":0,"99":0,"100":0,"101":0,"102":0,"103":0,"104":0,"105":0,"106":0,"107":0,"108":0,"109":0,"110":0,"111":0,"112":0,"113":0,"114":0,"115":0,"116":0,"117":0,"118":0,"119":0,"120":0,"121":0,"122":0,"123":0,"124":0,"125":0,"126":0,"127":0,"128":0,"129":0,"130":0,"131":0,"132":0,"133":0,"134":0,"135":0,"136":0,"137":0,"138":0,"139":0,"140":0,"141":0,"142":0,"143":0,"144":0,"145":0,"146":0,"147":0,"148":0,"149":0,"150":0,"151":0,"152":0,"153":0,"154":0,"155":0,"156":0,"157":0,"158":0,"159":0,"160":0,"161":0,"162":0,"163":0,"164":0,"165":0,"166":0,"167":0,"168":0,"169":0,"170":0,"171":0,"172":0,"173":0,"174":0,"175":0,"176":0,"177":0,"178":0,"179":0,"180":0,"181":0,"182":0,"183":0,"184":0,"185":3,"186":0,"187":0,"188":0,"189":0,"190":0,"191":0,"192":0,"193":0,"194":0,"195":0,"196":0,"197":1,"198":1,"199":1,"200":1,"201":1},"f":{"0":3,"1":3,"2":0,"3":0,"4":3,"5":3,"6":0,"7":2,"8":0,"9":0,"10":0,"11":0,"12":0,"13":0,"14":0,"15":0,"16":0,"17":0,"18":0,"19":0,"20":0,"21":0,"22":0,"23":0,"24":0,"25":0,"26":0,"27":0,"28":0,"29":0,"30":0,"31":0,"32":0,"33":0,"34":0,"35":0,"36":3,"37":0,"38":0,"39":0,"40":0,"41":0,"42":0,"43":0,"44":0,"45":0,"46":0,"47":1,"48":1},"b":{"0":[3,3],"1":[0,0],"2":[0,0],"3":[0,0],"4":[0,0],"5":[0,0],"6":[0,0],"7":[0,0],"8":[0,0],"9":[0,0],"10":[0,0],"11":[0],"12":[0],"13":[0,0],"14":[0,0],"15":[0,0],"16":[0,0],"17":[0,0],"18":[0,0],"19":[0,0],"20":[0],"21":[0,0],"22":[0,0],"23":[0,0],"24":[0,0,0,0],"25":[0,0],"26":[0,0],"27":[0,0],"28":[0,0],"29":[0,0]},"_coverageSchema":"1a1c01bbd47fc00a2c39e90264f33305004495a9","hash":"b4bddf5a51af2e114fd03acfef6befb882019532"}
,"C:\\Users\\Saaz\\Desktop\\Dhayan-FYP-main\\frontend\\src\\services\\OfflineCacheService.js": {"path":"C:\\Users\\Saaz\\Desktop\\Dhayan-FYP-main\\frontend\\src\\services\\OfflineCacheService.js","statementMap":{},"fnMap":{},"branchMap":{},"s":{},"f":{},"b":{},"_coverageSchema":"1a1c01bbd47fc00a2c39e90264f33305004495a9","hash":"2d54f064e860c27fb0d4dbc7352000d2f53046db"}
,"C:\\Users\\Saaz\\Desktop\\Dhayan-FYP-main\\frontend\\src\\services\\SessionRecordingService.js": {"path":"C:\\Users\\Saaz\\Desktop\\Dhayan-FYP-main\\frontend\\src\\services\\SessionRecordingService.js","statementMap":{"0":{"start":{"line":14,"column":4},"end":{"line":14,"column":59}},"1":{"start":{"line":15,"column":4},"end":{"line":15,"column":36}},"2":{"start":{"line":16,"column":4},"end":{"line":16,"column":36}},"3":{"start":{"line":17,"column":4},"end":{"line":17,"column":34}},"4":{"start":{"line":26,"column":22},"end":{"line":26,"column":88}},"5":{"start":{"line":27,"column":22},"end":{"line":27,"column":32}},"6":{"start":{"line":29,"column":24},"end":{"line":40,"column":5}},"7":{"start":{"line":43,"column":4},"end":{"line":43,"column":52}},"8":{"start":{"line":46,"column":4},"end":{"line":52,"column":7}},"9":{"start":{"line":54,"column":4},"end":{"line":67,"column":5}},"10":{"start":{"line":56,"column":30},"end":{"line":56,"column":90}},"11":{"start":{"line":59,"column":6},"end":{"line":59,"column":45}},"12":{"start":{"line":61,"column":6},"end":{"line":61,"column":63}},"13":{"start":{"line":63,"column":6},"end":{"line":63,"column":29}},"14":{"start":{"line":65,"column":6},"end":{"line":65,"column":55}},"15":{"start":{"line":66,"column":6},"end":{"line":66,"column":18}},"16":{"start":{"line":76,"column":20},"end":{"line":76,"column":54}},"17":{"start":{"line":77,"column":4},"end":{"line":80,"column":5}},"18":{"start":{"line":78,"column":6},"end":{"line":78,"column":60}},"19":{"start":{"line":79,"column":6},"end":{"line":79,"column":13}},"20":{"start":{"line":82,"column":35},"end":{"line":87,"column":5}},"21":{"start":{"line":89,"column":4},"end":{"line":89,"column":54}},"22":{"start":{"line":92,"column":4},"end":{"line":92,"column":65}},"23":{"start":{"line":101,"column":20},"end":{"line":101,"column":54}},"24":{"start":{"line":102,"column":4},"end":{"line":105,"column":5}},"25":{"start":{"line":103,"column":6},"end":{"line":103,"column":60}},"26":{"start":{"line":104,"column":6},"end":{"line":104,"column":13}},"27":{"start":{"line":107,"column":35},"end":{"line":112,"column":5}},"28":{"start":{"line":114,"column":4},"end":{"line":114,"column":58}},"29":{"start":{"line":123,"column":20},"end":{"line":123,"column":54}},"30":{"start":{"line":124,"column":4},"end":{"line":127,"column":5}},"31":{"start":{"line":125,"column":6},"end":{"line":125,"column":60}},"32":{"start":{"line":126,"column":6},"end":{"line":126,"column":13}},"33":{"start":{"line":129,"column":34},"end":{"line":134,"column":5}},"34":{"start":{"line":136,"column":4},"end":{"line":136,"column":58}},"35":{"start":{"line":145,"column":20},"end":{"line":145,"column":54}},"36":{"start":{"line":146,"column":4},"end":{"line":149,"column":5}},"37":{"start":{"line":147,"column":6},"end":{"line":147,"column":60}},"38":{"start":{"line":148,"column":6},"end":{"line":148,"column":13}},"39":{"start":{"line":151,"column":30},"end":{"line":156,"column":5}},"40":{"start":{"line":158,"column":4},"end":{"line":158,"column":55}},"41":{"start":{"line":168,"column":24},"end":{"line":168,"column":58}},"42":{"start":{"line":169,"column":20},"end":{"line":169,"column":54}},"43":{"start":{"line":171,"column":4},"end":{"line":173,"column":5}},"44":{"start":{"line":172,"column":6},"end":{"line":172,"column":63}},"45":{"start":{"line":175,"column":20},"end":{"line":175,"column":30}},"46":{"start":{"line":176,"column":23},"end":{"line":176,"column":54}},"47":{"start":{"line":179,"column":25},"end":{"line":179,"column":60}},"48":{"start":{"line":181,"column":29},"end":{"line":204,"column":5}},"49":{"start":{"line":206,"column":4},"end":{"line":223,"column":5}},"50":{"start":{"line":208,"column":6},"end":{"line":208,"column":44}},"51":{"start":{"line":211,"column":30},"end":{"line":211,"column":95}},"52":{"start":{"line":214,"column":6},"end":{"line":214,"column":44}},"53":{"start":{"line":215,"column":6},"end":{"line":215,"column":44}},"54":{"start":{"line":217,"column":6},"end":{"line":217,"column":65}},"55":{"start":{"line":219,"column":6},"end":{"line":219,"column":29}},"56":{"start":{"line":221,"column":6},"end":{"line":221,"column":58}},"57":{"start":{"line":222,"column":6},"end":{"line":222,"column":18}},"58":{"start":{"line":232,"column":4},"end":{"line":232,"column":54}},"59":{"start":{"line":241,"column":4},"end":{"line":241,"column":54}},"60":{"start":{"line":249,"column":4},"end":{"line":249,"column":52}},"61":{"start":{"line":258,"column":23},"end":{"line":264,"column":13}},"62":{"start":{"line":259,"column":6},"end":{"line":263,"column":7}},"63":{"start":{"line":260,"column":8},"end":{"line":260,"column":49}},"64":{"start":{"line":262,"column":8},"end":{"line":262,"column":90}},"65":{"start":{"line":267,"column":24},"end":{"line":267,"column":58}},"66":{"start":{"line":268,"column":4},"end":{"line":270,"column":5}},"67":{"start":{"line":269,"column":6},"end":{"line":269,"column":53}},"68":{"start":{"line":278,"column":24},"end":{"line":278,"column":58}},"69":{"start":{"line":279,"column":4},"end":{"line":282,"column":5}},"70":{"start":{"line":280,"column":6},"end":{"line":280,"column":55}},"71":{"start":{"line":281,"column":6},"end":{"line":281,"column":47}},"72":{"start":{"line":290,"column":24},"end":{"line":290,"column":58}},"73":{"start":{"line":291,"column":20},"end":{"line":291,"column":54}},"74":{"start":{"line":293,"column":4},"end":{"line":295,"column":5}},"75":{"start":{"line":294,"column":6},"end":{"line":294,"column":13}},"76":{"start":{"line":297,"column":25},"end":{"line":305,"column":5}},"77":{"start":{"line":308,"column":4},"end":{"line":308,"column":66}},"78":{"start":{"line":316,"column":24},"end":{"line":316,"column":58}},"79":{"start":{"line":317,"column":4},"end":{"line":317,"column":29}},"80":{"start":{"line":317,"column":22},"end":{"line":317,"column":29}},"81":{"start":{"line":320,"column":4},"end":{"line":320,"column":57}},"82":{"start":{"line":321,"column":4},"end":{"line":321,"column":53}},"83":{"start":{"line":329,"column":28},"end":{"line":329,"column":52}},"84":{"start":{"line":331,"column":4},"end":{"line":338,"column":5}},"85":{"start":{"line":332,"column":6},"end":{"line":337,"column":8}},"86":{"start":{"line":341,"column":19},"end":{"line":341,"column":57}},"87":{"start":{"line":341,"column":44},"end":{"line":341,"column":56}},"88":{"start":{"line":342,"column":23},"end":{"line":342,"column":64}},"89":{"start":{"line":342,"column":48},"end":{"line":342,"column":63}},"90":{"start":{"line":343,"column":24},"end":{"line":343,"column":78}},"91":{"start":{"line":343,"column":49},"end":{"line":343,"column":77}},"92":{"start":{"line":345,"column":4},"end":{"line":352,"column":6}},"93":{"start":{"line":346,"column":37},"end":{"line":346,"column":42}},"94":{"start":{"line":347,"column":44},"end":{"line":347,"column":49}},"95":{"start":{"line":360,"column":29},"end":{"line":360,"column":54}},"96":{"start":{"line":362,"column":4},"end":{"line":364,"column":5}},"97":{"start":{"line":363,"column":6},"end":{"line":363,"column":16}},"98":{"start":{"line":367,"column":26},"end":{"line":367,"column":27}},"99":{"start":{"line":368,"column":25},"end":{"line":375,"column":5}},"100":{"start":{"line":377,"column":4},"end":{"line":380,"column":7}},"101":{"start":{"line":378,"column":21},"end":{"line":378,"column":50}},"102":{"start":{"line":379,"column":6},"end":{"line":379,"column":32}},"103":{"start":{"line":383,"column":28},"end":{"line":383,"column":104}},"104":{"start":{"line":385,"column":4},"end":{"line":385,"column":39}},"105":{"start":{"line":393,"column":4},"end":{"line":395,"column":5}},"106":{"start":{"line":394,"column":6},"end":{"line":394,"column":22}},"107":{"start":{"line":397,"column":22},"end":{"line":397,"column":68}},"108":{"start":{"line":398,"column":23},"end":{"line":398,"column":66}},"109":{"start":{"line":400,"column":21},"end":{"line":400,"column":76}},"110":{"start":{"line":400,"column":48},"end":{"line":400,"column":53}},"111":{"start":{"line":401,"column":22},"end":{"line":401,"column":79}},"112":{"start":{"line":401,"column":50},"end":{"line":401,"column":55}},"113":{"start":{"line":403,"column":23},"end":{"line":403,"column":43}},"114":{"start":{"line":405,"column":4},"end":{"line":405,"column":43}},"115":{"start":{"line":405,"column":24},"end":{"line":405,"column":43}},"116":{"start":{"line":406,"column":4},"end":{"line":406,"column":44}},"117":{"start":{"line":406,"column":25},"end":{"line":406,"column":44}},"118":{"start":{"line":407,"column":4},"end":{"line":407,"column":20}},"119":{"start":{"line":414,"column":16},"end":{"line":414,"column":26}},"120":{"start":{"line":415,"column":26},"end":{"line":415,"column":45}},"121":{"start":{"line":417,"column":4},"end":{"line":426,"column":5}},"122":{"start":{"line":418,"column":25},"end":{"line":418,"column":72}},"123":{"start":{"line":420,"column":6},"end":{"line":425,"column":7}},"124":{"start":{"line":421,"column":8},"end":{"line":421,"column":65}},"125":{"start":{"line":422,"column":8},"end":{"line":422,"column":46}},"126":{"start":{"line":423,"column":8},"end":{"line":423,"column":46}},"127":{"start":{"line":424,"column":8},"end":{"line":424,"column":46}},"128":{"start":{"line":433,"column":4},"end":{"line":437,"column":6}},"129":{"start":{"line":445,"column":4},"end":{"line":447,"column":5}},"130":{"start":{"line":446,"column":6},"end":{"line":446,"column":44}},"131":{"start":{"line":449,"column":4},"end":{"line":449,"column":32}},"132":{"start":{"line":450,"column":4},"end":{"line":450,"column":32}},"133":{"start":{"line":451,"column":4},"end":{"line":451,"column":36}}},"fnMap":{"0":{"name":"(anonymous_0)","decl":{"start":{"line":13,"column":2},"end":{"line":13,"column":3}},"loc":{"start":{"line":13,"column":16},"end":{"line":18,"column":3}},"line":13},"1":{"name":"(anonymous_1)","decl":{"start":{"line":25,"column":2},"end":{"line":25,"column":3}},"loc":{"start":{"line":25,"column":36},"end":{"line":68,"column":3}},"line":25},"2":{"name":"(anonymous_2)","decl":{"start":{"line":75,"column":2},"end":{"line":75,"column":3}},"loc":{"start":{"line":75,"column":44},"end":{"line":93,"column":3}},"line":75},"3":{"name":"(anonymous_3)","decl":{"start":{"line":100,"column":2},"end":{"line":100,"column":3}},"loc":{"start":{"line":100,"column":48},"end":{"line":115,"column":3}},"line":100},"4":{"name":"(anonymous_4)","decl":{"start":{"line":122,"column":2},"end":{"line":122,"column":3}},"loc":{"start":{"line":122,"column":47},"end":{"line":137,"column":3}},"line":122},"5":{"name":"(anonymous_5)","decl":{"start":{"line":144,"column":2},"end":{"line":144,"column":3}},"loc":{"start":{"line":144,"column":54},"end":{"line":159,"column":3}},"line":144},"6":{"name":"(anonymous_6)","decl":{"start":{"line":167,"column":2},"end":{"line":167,"column":3}},"loc":{"start":{"line":167,"column":56},"end":{"line":224,"column":3}},"line":167},"7":{"name":"(anonymous_7)","decl":{"start":{"line":231,"column":2},"end":{"line":231,"column":3}},"loc":{"start":{"line":231,"column":30},"end":{"line":233,"column":3}},"line":231},"8":{"name":"(anonymous_8)","decl":{"start":{"line":240,"column":2},"end":{"line":240,"column":3}},"loc":{"start":{"line":240,"column":31},"end":{"line":242,"column":3}},"line":240},"9":{"name":"(anonymous_9)","decl":{"start":{"line":248,"column":2},"end":{"line":248,"column":3}},"loc":{"start":{"line":248,"column":22},"end":{"line":250,"column":3}},"line":248},"10":{"name":"(anonymous_10)","decl":{"start":{"line":256,"column":2},"end":{"line":256,"column":3}},"loc":{"start":{"line":256,"column":36},"end":{"line":271,"column":3}},"line":256},"11":{"name":"(anonymous_11)","decl":{"start":{"line":258,"column":35},"end":{"line":258,"column":36}},"loc":{"start":{"line":258,"column":47},"end":{"line":264,"column":5}},"line":258},"12":{"name":"(anonymous_12)","decl":{"start":{"line":277,"column":2},"end":{"line":277,"column":3}},"loc":{"start":{"line":277,"column":35},"end":{"line":283,"column":3}},"line":277},"13":{"name":"(anonymous_13)","decl":{"start":{"line":289,"column":2},"end":{"line":289,"column":3}},"loc":{"start":{"line":289,"column":38},"end":{"line":309,"column":3}},"line":289},"14":{"name":"(anonymous_14)","decl":{"start":{"line":315,"column":2},"end":{"line":315,"column":3}},"loc":{"start":{"line":315,"column":47},"end":{"line":322,"column":3}},"line":315},"15":{"name":"(anonymous_15)","decl":{"start":{"line":328,"column":2},"end":{"line":328,"column":3}},"loc":{"start":{"line":328,"column":33},"end":{"line":353,"column":3}},"line":328},"16":{"name":"(anonymous_16)","decl":{"start":{"line":341,"column":39},"end":{"line":341,"column":40}},"loc":{"start":{"line":341,"column":44},"end":{"line":341,"column":56}},"line":341},"17":{"name":"(anonymous_17)","decl":{"start":{"line":342,"column":43},"end":{"line":342,"column":44}},"loc":{"start":{"line":342,"column":48},"end":{"line":342,"column":63}},"line":342},"18":{"name":"(anonymous_18)","decl":{"start":{"line":343,"column":44},"end":{"line":343,"column":45}},"loc":{"start":{"line":343,"column":49},"end":{"line":343,"column":77}},"line":343},"19":{"name":"(anonymous_19)","decl":{"start":{"line":346,"column":27},"end":{"line":346,"column":28}},"loc":{"start":{"line":346,"column":37},"end":{"line":346,"column":42}},"line":346},"20":{"name":"(anonymous_20)","decl":{"start":{"line":347,"column":34},"end":{"line":347,"column":35}},"loc":{"start":{"line":347,"column":44},"end":{"line":347,"column":49}},"line":347},"21":{"name":"(anonymous_21)","decl":{"start":{"line":359,"column":2},"end":{"line":359,"column":3}},"loc":{"start":{"line":359,"column":36},"end":{"line":386,"column":3}},"line":359},"22":{"name":"(anonymous_22)","decl":{"start":{"line":377,"column":29},"end":{"line":377,"column":30}},"loc":{"start":{"line":377,"column":38},"end":{"line":380,"column":5}},"line":377},"23":{"name":"(anonymous_23)","decl":{"start":{"line":392,"column":2},"end":{"line":392,"column":3}},"loc":{"start":{"line":392,"column":36},"end":{"line":408,"column":3}},"line":392},"24":{"name":"(anonymous_24)","decl":{"start":{"line":400,"column":38},"end":{"line":400,"column":39}},"loc":{"start":{"line":400,"column":48},"end":{"line":400,"column":53}},"line":400},"25":{"name":"(anonymous_25)","decl":{"start":{"line":401,"column":40},"end":{"line":401,"column":41}},"loc":{"start":{"line":401,"column":50},"end":{"line":401,"column":55}},"line":401},"26":{"name":"(anonymous_26)","decl":{"start":{"line":413,"column":2},"end":{"line":413,"column":3}},"loc":{"start":{"line":413,"column":27},"end":{"line":427,"column":3}},"line":413},"27":{"name":"(anonymous_27)","decl":{"start":{"line":432,"column":2},"end":{"line":432,"column":3}},"loc":{"start":{"line":432,"column":18},"end":{"line":438,"column":3}},"line":432},"28":{"name":"(anonymous_28)","decl":{"start":{"line":443,"column":2},"end":{"line":443,"column":3}},"loc":{"start":{"line":443,"column":10},"end":{"line":452,"column":3}},"line":443}},"branchMap":{"0":{"loc":{"start":{"line":36,"column":34},"end":{"line":36,"column":71}},"type":"binary-expr","locations":[{"start":{"line":36,"column":34},"end":{"line":36,"column":65}},{"start":{"line":36,"column":69},"end":{"line":36,"column":71}}],"line":36},"1":{"loc":{"start":{"line":37,"column":26},"end":{"line":37,"column":62}},"type":"binary-expr","locations":[{"start":{"line":37,"column":26},"end":{"line":37,"column":50}},{"start":{"line":37,"column":54},"end":{"line":37,"column":62}}],"line":37},"2":{"loc":{"start":{"line":77,"column":4},"end":{"line":80,"column":5}},"type":"if","locations":[{"start":{"line":77,"column":4},"end":{"line":80,"column":5}},{"start":{},"end":{}}],"line":77},"3":{"loc":{"start":{"line":102,"column":4},"end":{"line":105,"column":5}},"type":"if","locations":[{"start":{"line":102,"column":4},"end":{"line":105,"column":5}},{"start":{},"end":{}}],"line":102},"4":{"loc":{"start":{"line":124,"column":4},"end":{"line":127,"column":5}},"type":"if","locations":[{"start":{"line":124,"column":4},"end":{"line":127,"column":5}},{"start":{},"end":{}}],"line":124},"5":{"loc":{"start":{"line":146,"column":4},"end":{"line":149,"column":5}},"type":"if","locations":[{"start":{"line":146,"column":4},"end":{"line":149,"column":5}},{"start":{},"end":{}}],"line":146},"6":{"loc":{"start":{"line":167,"column":35},"end":{"line":167,"column":54}},"type":"default-arg","locations":[{"start":{"line":167,"column":52},"end":{"line":167,"column":54}}],"line":167},"7":{"loc":{"start":{"line":171,"column":4},"end":{"line":173,"column":5}},"type":"if","locations":[{"start":{"line":171,"column":4},"end":{"line":173,"column":5}},{"start":{},"end":{}}],"line":171},"8":{"loc":{"start":{"line":171,"column":8},"end":{"line":171,"column":32}},"type":"binary-expr","locations":[{"start":{"line":171,"column":8},"end":{"line":171,"column":20}},{"start":{"line":171,"column":24},"end":{"line":171,"column":32}}],"line":171},"9":{"loc":{"start":{"line":200,"column":23},"end":{"line":200,"column":59}},"type":"binary-expr","locations":[{"start":{"line":200,"column":23},"end":{"line":200,"column":53}},{"start":{"line":200,"column":57},"end":{"line":200,"column":59}}],"line":200},"10":{"loc":{"start":{"line":201,"column":20},"end":{"line":201,"column":53}},"type":"binary-expr","locations":[{"start":{"line":201,"column":20},"end":{"line":201,"column":47}},{"start":{"line":201,"column":51},"end":{"line":201,"column":53}}],"line":201},"11":{"loc":{"start":{"line":202,"column":30},"end":{"line":202,"column":79}},"type":"binary-expr","locations":[{"start":{"line":202,"column":30},"end":{"line":202,"column":67}},{"start":{"line":202,"column":71},"end":{"line":202,"column":79}}],"line":202},"12":{"loc":{"start":{"line":232,"column":11},"end":{"line":232,"column":53}},"type":"binary-expr","locations":[{"start":{"line":232,"column":11},"end":{"line":232,"column":45}},{"start":{"line":232,"column":49},"end":{"line":232,"column":53}}],"line":232},"13":{"loc":{"start":{"line":241,"column":11},"end":{"line":241,"column":53}},"type":"binary-expr","locations":[{"start":{"line":241,"column":11},"end":{"line":241,"column":45}},{"start":{"line":241,"column":49},"end":{"line":241,"column":53}}],"line":241},"14":{"loc":{"start":{"line":268,"column":4},"end":{"line":270,"column":5}},"type":"if","locations":[{"start":{"line":268,"column":4},"end":{"line":270,"column":5}},{"start":{},"end":{}}],"line":268},"15":{"loc":{"start":{"line":279,"column":4},"end":{"line":282,"column":5}},"type":"if","locations":[{"start":{"line":279,"column":4},"end":{"line":282,"column":5}},{"start":{},"end":{}}],"line":279},"16":{"loc":{"start":{"line":279,"column":8},"end":{"line":279,"column":56}},"type":"binary-expr","locations":[{"start":{"line":279,"column":8},"end":{"line":279,"column":19}},{"start":{"line":279,"column":23},"end":{"line":279,"column":56}}],"line":279},"17":{"loc":{"start":{"line":293,"column":4},"end":{"line":295,"column":5}},"type":"if","locations":[{"start":{"line":293,"column":4},"end":{"line":295,"column":5}},{"start":{},"end":{}}],"line":293},"18":{"loc":{"start":{"line":293,"column":8},"end":{"line":293,"column":32}},"type":"binary-expr","locations":[{"start":{"line":293,"column":8},"end":{"line":293,"column":20}},{"start":{"line":293,"column":24},"end":{"line":293,"column":32}}],"line":293},"19":{"loc":{"start":{"line":302,"column":26},"end":{"line":302,"column":71}},"type":"binary-expr","locations":[{"start":{"line":302,"column":26},"end":{"line":302,"column":63}},{"start":{"line":302,"column":67},"end":{"line":302,"column":71}}],"line":302},"20":{"loc":{"start":{"line":303,"column":25},"end":{"line":303,"column":71}},"type":"binary-expr","locations":[{"start":{"line":303,"column":25},"end":{"line":303,"column":63}},{"start":{"line":303,"column":67},"end":{"line":303,"column":71}}],"line":303},"21":{"loc":{"start":{"line":317,"column":4},"end":{"line":317,"column":29}},"type":"if","locations":[{"start":{"line":317,"column":4},"end":{"line":317,"column":29}},{"start":{},"end":{}}],"line":317},"22":{"loc":{"start":{"line":331,"column":4},"end":{"line":338,"column":5}},"type":"if","locations":[{"start":{"line":331,"column":4},"end":{"line":338,"column":5}},{"start":{},"end":{}}],"line":331},"23":{"loc":{"start":{"line":341,"column":44},"end":{"line":341,"column":56}},"type":"binary-expr","locations":[{"start":{"line":341,"column":44},"end":{"line":341,"column":51}},{"start":{"line":341,"column":55},"end":{"line":341,"column":56}}],"line":341},"24":{"loc":{"start":{"line":342,"column":48},"end":{"line":342,"column":63}},"type":"binary-expr","locations":[{"start":{"line":342,"column":48},"end":{"line":342,"column":58}},{"start":{"line":342,"column":62},"end":{"line":342,"column":63}}],"line":342},"25":{"loc":{"start":{"line":343,"column":49},"end":{"line":343,"column":77}},"type":"binary-expr","locations":[{"start":{"line":343,"column":49},"end":{"line":343,"column":72}},{"start":{"line":343,"column":76},"end":{"line":343,"column":77}}],"line":343},"26":{"loc":{"start":{"line":362,"column":4},"end":{"line":364,"column":5}},"type":"if","locations":[{"start":{"line":362,"column":4},"end":{"line":364,"column":5}},{"start":{},"end":{}}],"line":362},"27":{"loc":{"start":{"line":378,"column":21},"end":{"line":378,"column":50}},"type":"binary-expr","locations":[{"start":{"line":378,"column":21},"end":{"line":378,"column":45}},{"start":{"line":378,"column":49},"end":{"line":378,"column":50}}],"line":378},"28":{"loc":{"start":{"line":393,"column":4},"end":{"line":395,"column":5}},"type":"if","locations":[{"start":{"line":393,"column":4},"end":{"line":395,"column":5}},{"start":{},"end":{}}],"line":393},"29":{"loc":{"start":{"line":405,"column":4},"end":{"line":405,"column":43}},"type":"if","locations":[{"start":{"line":405,"column":4},"end":{"line":405,"column":43}},{"start":{},"end":{}}],"line":405},"30":{"loc":{"start":{"line":406,"column":4},"end":{"line":406,"column":44}},"type":"if","locations":[{"start":{"line":406,"column":4},"end":{"line":406,"column":44}},{"start":{},"end":{}}],"line":406},"31":{"loc":{"start":{"line":418,"column":32},"end":{"line":418,"column":71}},"type":"binary-expr","locations":[{"start":{"line":418,"column":32},"end":{"line":418,"column":66}},{"start":{"line":418,"column":70},"end":{"line":418,"column":71}}],"line":418},"32":{"loc":{"start":{"line":420,"column":6},"end":{"line":425,"column":7}},"type":"if","locations":[{"start":{"line":420,"column":6},"end":{"line":425,"column":7}},{"start":{},"end":{}}],"line":420}},"s":{"0":0,"1":0,"2":0,"3":0,"4":0,"5":0,"6":0,"7":0,"8":0,"9":0,"10":0,"11":0,"12":0,"13":0,"14":0,"15":0,"16":0,"17":0,"18":0,"19":0,"20":0,"21":0,"22":0,"23":0,"24":0,"25":0,"26":0,"27":0,"28":0,"29":0,"30":0,"31":0,"32":0,"33":0,"34":0,"35":0,"36":0,"37":0,"38":0,"39":0,"40":0,"41":0,"42":0,"43":0,"44":0,"45":0,"46":0,"47":0,"48":0,"49":0,"50":0,"51":0,"52":0,"53":0,"54":0,"55":0,"56":0,"57":0,"58":0,"59":0,"60":0,"61":0,"62":0,"63":0,"64":0,"65":0,"66":0,"67":0,"68":0,"69":0,"70":0,"71":0,"72":0,"73":0,"74":0,"75":0,"76":0,"77":0,"78":0,"79":0,"80":0,"81":0,"82":0,"83":0,"84":0,"85":0,"86":0,"87":0,"88":0,"89":0,"90":0,"91":0,"92":0,"93":0,"94":0,"95":0,"96":0,"97":0,"98":0,"99":0,"100":0,"101":0,"102":0,"103":0,"104":0,"105":0,"106":0,"107":0,"108":0,"109":0,"110":0,"111":0,"112":0,"113":0,"114":0,"115":0,"116":0,"117":0,"118":0,"119":0,"120":0,"121":0,"122":0,"123":0,"124":0,"125":0,"126":0,"127":0,"128":0,"129":0,"130":0,"131":0,"132":0,"133":0},"f":{"0":0,"1":0,"2":0,"3":0,"4":0,"5":0,"6":0,"7":0,"8":0,"9":0,"10":0,"11":0,"12":0,"13":0,"14":0,"15":0,"16":0,"17":0,"18":0,"19":0,"20":0,"21":0,"22":0,"23":0,"24":0,"25":0,"26":0,"27":0,"28":0},"b":{"0":[0,0],"1":[0,0],"2":[0,0],"3":[0,0],"4":[0,0],"5":[0,0],"6":[0],"7":[0,0],"8":[0,0],"9":[0,0],"10":[0,0],"11":[0,0],"12":[0,0],"13":[0,0],"14":[0,0],"15":[0,0],"16":[0,0],"17":[0,0],"18":[0,0],"19":[0,0],"20":[0,0],"21":[0,0],"22":[0,0],"23":[0,0],"24":[0,0],"25":[0,0],"26":[0,0],"27":[0,0],"28":[0,0],"29":[0,0],"30":[0,0],"31":[0,0],"32":[0,0]},"_coverageSchema":"1a1c01bbd47fc00a2c39e90264f33305004495a9","hash":"fa9e3ee5a38db76b248c3760bfd4ad0d00d2ae3f"}
}
